yuqing/build/outputs/logs/manifest-merger-debug-report.txt
-- Merging decision tree log ---
manifest
ADDED from src\main\AndroidManifest.xml:2:1-445:12
	package
		ADDED from src\main\AndroidManifest.xml:4:5-29
		INJECTED from src\main\AndroidManifest.xml
		INJECTED from src\main\AndroidManifest.xml
	android:versionName
		ADDED from src\main\AndroidManifest.xml:6:5-30
		INJECTED from src\main\AndroidManifest.xml
		INJECTED from src\main\AndroidManifest.xml
	xmlns:tools
		ADDED from src\main\AndroidManifest.xml:3:5-51
	android:versionCode
		ADDED from src\main\AndroidManifest.xml:5:5-28
		INJECTED from src\main\AndroidManifest.xml
		INJECTED from src\main\AndroidManifest.xml
	xmlns:android
		ADDED from src\main\AndroidManifest.xml:2:11-69
uses-sdk
ADDED from src\main\AndroidManifest.xml:8:5-47
MERGED from [yuqing-android:iMLib:unspecified] AndroidManifest.xml:5:5-7:41
MERGED from [yuqing-android:rongIMKit:unspecified] AndroidManifest.xml:5:5-7:41
MERGED from [com.android.support:support-v4:28.0.0] AndroidManifest.xml:20:5-44
MERGED from [com.android.support:support-media-compat:28.0.0] AndroidManifest.xml:20:5-44
MERGED from [cn.bingoogolapple:bga-photopicker:1.2.8] AndroidManifest.xml:5:5-7:41
MERGED from [cn.bingoogolapple:bga-baseadapter:1.2.8] AndroidManifest.xml:6:5-8:41
MERGED from [com.android.support:recyclerview-v7:28.0.0] AndroidManifest.xml:20:5-44
MERGED from [pub.devrel:easypermissions:0.4.2] AndroidManifest.xml:7:5-9:41
MERGED from [com.android.support:appcompat-v7:28.0.0] AndroidManifest.xml:20:5-44
MERGED from [com.android.support:support-fragment:28.0.0] AndroidManifest.xml:20:5-44
MERGED from [com.android.support:animated-vector-drawable:28.0.0] AndroidManifest.xml:20:5-44
MERGED from [com.android.support:support-vector-drawable:28.0.0] AndroidManifest.xml:20:5-44
MERGED from [com.android.support:support-core-ui:28.0.0] AndroidManifest.xml:20:5-44
MERGED from [com.android.support:support-core-utils:28.0.0] AndroidManifest.xml:20:5-44
MERGED from [com.android.support:documentfile:28.0.0] AndroidManifest.xml:20:5-44
MERGED from [com.android.support:loader:28.0.0] AndroidManifest.xml:20:5-44
MERGED from [android.arch.lifecycle:livedata:1.1.1] AndroidManifest.xml:20:5-44
MERGED from [android.arch.lifecycle:livedata-core:1.1.1] AndroidManifest.xml:20:5-44
MERGED from [android.arch.core:runtime:1.1.1] AndroidManifest.xml:20:5-44
MERGED from [android.arch.lifecycle:viewmodel:1.1.1] AndroidManifest.xml:20:5-44
MERGED from [com.android.support:localbroadcastmanager:28.0.0] AndroidManifest.xml:20:5-44
MERGED from [com.android.support:print:28.0.0] AndroidManifest.xml:20:5-44
MERGED from [com.android.support:viewpager:28.0.0] AndroidManifest.xml:20:5-44
MERGED from [com.android.support:coordinatorlayout:28.0.0] AndroidManifest.xml:20:5-44
MERGED from [com.android.support:drawerlayout:28.0.0] AndroidManifest.xml:20:5-44
MERGED from [com.android.support:slidingpanelayout:28.0.0] AndroidManifest.xml:20:5-44
MERGED from [com.android.support:customview:28.0.0] AndroidManifest.xml:20:5-44
MERGED from [com.android.support:swiperefreshlayout:28.0.0] AndroidManifest.xml:20:5-44
MERGED from [com.android.support:interpolator:28.0.0] AndroidManifest.xml:20:5-44
MERGED from [com.android.support:asynclayoutinflater:28.0.0] AndroidManifest.xml:20:5-44
MERGED from [com.android.support:support-compat:28.0.0] AndroidManifest.xml:20:5-44
MERGED from [android.arch.lifecycle:runtime:1.1.1] AndroidManifest.xml:20:5-44
MERGED from [com.android.support:versionedparcelable:28.0.0] AndroidManifest.xml:20:5-44
MERGED from [com.android.support:cursoradapter:28.0.0] AndroidManifest.xml:20:5-44
	android:targetSdkVersion
		ADDED from src\main\AndroidManifest.xml:8:15-44
		INJECTED from src\main\AndroidManifest.xml
		INJECTED from src\main\AndroidManifest.xml
	android:minSdkVersion
		INJECTED from src\main\AndroidManifest.xml
		INJECTED from src\main\AndroidManifest.xml
uses-permission#android.permission.ACCESS_WIFI_STATE
ADDED from src\main\AndroidManifest.xml:10:4-74
MERGED from [yuqing-android:iMLib:unspecified] AndroidManifest.xml:12:5-76
	android:name
		ADDED from src\main\AndroidManifest.xml:10:21-72
uses-permission#android.permission.ACCESS_COARSE_LOCATION
ADDED from src\main\AndroidManifest.xml:11:5-80
	android:name
		ADDED from src\main\AndroidManifest.xml:11:22-78
uses-permission#android.permission.READ_EXTERNAL_STORAGE
ADDED from src\main\AndroidManifest.xml:12:2-77
MERGED from [cn.bingoogolapple:bga-photopicker:1.2.8] AndroidManifest.xml:9:5-80
	android:name
		ADDED from src\main\AndroidManifest.xml:12:19-74
uses-permission#android.permission.WRITE_EXTERNAL_STORAGE
ADDED from src\main\AndroidManifest.xml:14:2-94
MERGED from [yuqing-android:iMLib:unspecified] AndroidManifest.xml:9:5-81
MERGED from [cn.bingoogolapple:bga-photopicker:1.2.8] AndroidManifest.xml:10:5-81
	android:name
		ADDED from src\main\AndroidManifest.xml:14:19-75
uses-permission#android.permission.MOUNT_UNMOUNT_FILESYSTEMS
ADDED from src\main\AndroidManifest.xml:16:2-97
	android:name
		ADDED from src\main\AndroidManifest.xml:16:19-78
uses-permission#android.permission.INTERNET
ADDED from src\main\AndroidManifest.xml:18:5-66
MERGED from [yuqing-android:iMLib:unspecified] AndroidManifest.xml:10:5-67
	android:name
		ADDED from src\main\AndroidManifest.xml:18:22-64
uses-permission#android.permission.ACCESS_NETWORK_STATE
ADDED from src\main\AndroidManifest.xml:20:2-92
MERGED from [yuqing-android:iMLib:unspecified] AndroidManifest.xml:11:5-79
	android:name
		ADDED from src\main\AndroidManifest.xml:20:19-73
uses-permission#android.permission.READ_PHONE_STATE
ADDED from src\main\AndroidManifest.xml:21:2-88
MERGED from [yuqing-android:iMLib:unspecified] AndroidManifest.xml:13:5-75
	android:name
		ADDED from src\main\AndroidManifest.xml:21:19-69
uses-permission#android.permission.RECORD_AUDIO
ADDED from src\main\AndroidManifest.xml:28:5-71
MERGED from [yuqing-android:iMLib:unspecified] AndroidManifest.xml:14:5-71
	android:name
		ADDED from src\main\AndroidManifest.xml:28:22-68
uses-permission#android.permission.GET_TASKS
ADDED from src\main\AndroidManifest.xml:29:5-68
MERGED from [yuqing-android:iMLib:unspecified] AndroidManifest.xml:15:5-68
	android:name
		ADDED from src\main\AndroidManifest.xml:29:22-65
uses-permission#android.permission.WAKE_LOCK
ADDED from src\main\AndroidManifest.xml:30:5-68
MERGED from [yuqing-android:iMLib:unspecified] AndroidManifest.xml:16:5-68
	android:name
		ADDED from src\main\AndroidManifest.xml:30:22-65
uses-permission#android.permission.MODIFY_AUDIO_SETTINGS
ADDED from src\main\AndroidManifest.xml:31:5-80
MERGED from [yuqing-android:iMLib:unspecified] AndroidManifest.xml:17:5-80
	android:name
		ADDED from src\main\AndroidManifest.xml:31:22-77
uses-permission#android.permission.VIBRATE
ADDED from src\main\AndroidManifest.xml:32:5-66
MERGED from [yuqing-android:iMLib:unspecified] AndroidManifest.xml:18:5-66
	android:name
		ADDED from src\main\AndroidManifest.xml:32:22-63
uses-permission#android.permission.ACCESS_FINE_LOCATION
ADDED from src\main\AndroidManifest.xml:33:5-79
MERGED from [yuqing-android:iMLib:unspecified] AndroidManifest.xml:19:5-79
	android:name
		ADDED from src\main\AndroidManifest.xml:33:22-76
uses-permission#android.permission.RECEIVE_BOOT_COMPLETED
ADDED from src\main\AndroidManifest.xml:34:5-81
MERGED from [yuqing-android:iMLib:unspecified] AndroidManifest.xml:20:5-81
	android:name
		ADDED from src\main\AndroidManifest.xml:34:22-78
uses-permission#android.permission.CAMERA
ADDED from src\main\AndroidManifest.xml:51:5-65
MERGED from [cn.bingoogolapple:bga-photopicker:1.2.8] AndroidManifest.xml:11:5-65
	android:name
		ADDED from src\main\AndroidManifest.xml:51:22-62
uses-permission#android.permission.WRITE_SETTINGS
ADDED from src\main\AndroidManifest.xml:52:5-73
	android:name
		ADDED from src\main\AndroidManifest.xml:52:22-70
uses-permission#android.permission.INTERACT_ACROSS_USERS_FULL
ADDED from src\main\AndroidManifest.xml:54:5-85
	android:name
		ADDED from src\main\AndroidManifest.xml:54:22-82
uses-permission#android.permission.PROCESS_OUTGOING_CALLS
ADDED from src\main\AndroidManifest.xml:55:5-81
	android:name
		ADDED from src\main\AndroidManifest.xml:55:22-78
uses-permission#android.permission.SYSTEM_ALERT_WINDOW
ADDED from src\main\AndroidManifest.xml:56:5-78
	android:name
		ADDED from src\main\AndroidManifest.xml:56:22-75
uses-permission#android.permission.CHANGE_WIFI_STATE
ADDED from src\main\AndroidManifest.xml:57:5-75
	android:name
		ADDED from src\main\AndroidManifest.xml:57:22-73
uses-permission#android.permission.BIND_JOB_SERVICE
ADDED from src\main\AndroidManifest.xml:62:5-74
	android:name
		ADDED from src\main\AndroidManifest.xml:62:22-72
uses-permission#android.permission.BLUETOOTH
ADDED from src\main\AndroidManifest.xml:74:5-68
	android:name
		ADDED from src\main\AndroidManifest.xml:74:22-65
uses-permission#android.permission.BLUETOOTH_ADMIN
ADDED from src\main\AndroidManifest.xml:75:5-74
	android:name
		ADDED from src\main\AndroidManifest.xml:75:22-71
uses-permission#getui.permission.GetuiService.${applicationId}
ADDED from src\main\AndroidManifest.xml:82:5-86
	android:name
		ADDED from src\main\AndroidManifest.xml:82:22-83
		INJECTED from src\main\AndroidManifest.xml
permission#getui.permission.GetuiService.${applicationId}
ADDED from src\main\AndroidManifest.xml:84:5-87:18
	android:protectionLevel
		ADDED from src\main\AndroidManifest.xml:86:9-41
	android:name
		ADDED from src\main\AndroidManifest.xml:85:9-70
		INJECTED from src\main\AndroidManifest.xml
application
ADDED from src\main\AndroidManifest.xml:92:5-443:19
MERGED from [yuqing-android:iMLib:unspecified] AndroidManifest.xml:22:5-23:19
MERGED from [yuqing-android:rongIMKit:unspecified] AndroidManifest.xml:9:5-22:19
MERGED from [cn.bingoogolapple:bga-photopicker:1.2.8] AndroidManifest.xml:13:5-48:19
MERGED from [pub.devrel:easypermissions:0.4.2] AndroidManifest.xml:11:5-17:19
MERGED from [com.android.support:support-compat:28.0.0] AndroidManifest.xml:22:5-94
MERGED from [com.android.support:versionedparcelable:28.0.0] AndroidManifest.xml:22:5-23:19
	android:label
		ADDED from src\main\AndroidManifest.xml:97:9-41
	android:appComponentFactory
		ADDED from [com.android.support:support-compat:28.0.0] AndroidManifest.xml:22:18-91
	android:allowBackup
		ADDED from src\main\AndroidManifest.xml:95:9-35
	android:icon
		ADDED from src\main\AndroidManifest.xml:96:9-38
	android:networkSecurityConfig
		ADDED from src\main\AndroidManifest.xml:99:9-69
	android:theme
		ADDED from src\main\AndroidManifest.xml:98:9-40
	tools:replace
		ADDED from src\main\AndroidManifest.xml:94:9-71
	android:name
		ADDED from src\main\AndroidManifest.xml:93:9-52
activity#com.app.yuqing.activity.StartActivity
ADDED from src\main\AndroidManifest.xml:100:9-108:20
	android:label
		ADDED from src\main\AndroidManifest.xml:102:13-45
	android:name
		ADDED from src\main\AndroidManifest.xml:101:13-51
intent-filter#android.intent.action.MAIN+android.intent.category.LAUNCHER
ADDED from src\main\AndroidManifest.xml:103:13-107:29
action#android.intent.action.MAIN
ADDED from src\main\AndroidManifest.xml:104:17-69
	android:name
		ADDED from src\main\AndroidManifest.xml:104:25-66
category#android.intent.category.LAUNCHER
ADDED from src\main\AndroidManifest.xml:106:17-77
	android:name
		ADDED from src\main\AndroidManifest.xml:106:27-74
activity#com.app.yuqing.activity.LoginActivity
ADDED from src\main\AndroidManifest.xml:110:9-115:20
	android:screenOrientation
		ADDED from src\main\AndroidManifest.xml:113:13-49
	android:label
		ADDED from src\main\AndroidManifest.xml:112:13-45
	android:launchMode
		ADDED from src\main\AndroidManifest.xml:114:13-44
	android:name
		ADDED from src\main\AndroidManifest.xml:111:13-51
activity#com.app.yuqing.activity.MainActivity
ADDED from src\main\AndroidManifest.xml:117:9-133:20
	android:screenOrientation
		ADDED from src\main\AndroidManifest.xml:120:13-49
	android:label
		ADDED from src\main\AndroidManifest.xml:119:13-45
	android:launchMode
		ADDED from src\main\AndroidManifest.xml:121:13-44
	android:name
		ADDED from src\main\AndroidManifest.xml:118:11-48
intent-filter#android.intent.action.VIEW+android.intent.category.DEFAULT
ADDED from src\main\AndroidManifest.xml:123:7-132:23
action#android.intent.action.VIEW
ADDED from src\main\AndroidManifest.xml:124:11-63
	android:name
		ADDED from src\main\AndroidManifest.xml:124:19-60
category#android.intent.category.DEFAULT
ADDED from src\main\AndroidManifest.xml:126:11-70
	android:name
		ADDED from src\main\AndroidManifest.xml:126:21-67
data
ADDED from src\main\AndroidManifest.xml:128:11-131:39
	android:host
		ADDED from src\main\AndroidManifest.xml:129:15-44
	android:scheme
		ADDED from src\main\AndroidManifest.xml:131:15-36
	android:pathPrefix
		ADDED from src\main\AndroidManifest.xml:130:15-53
activity#com.app.yuqing.activity.AboutActivity
ADDED from src\main\AndroidManifest.xml:135:9-140:20
	android:screenOrientation
		ADDED from src\main\AndroidManifest.xml:138:13-49
	android:label
		ADDED from src\main\AndroidManifest.xml:137:13-45
	android:launchMode
		ADDED from src\main\AndroidManifest.xml:139:13-44
	android:name
		ADDED from src\main\AndroidManifest.xml:136:11-49
activity#com.app.yuqing.activity.ChangePwdActivity
ADDED from src\main\AndroidManifest.xml:142:9-147:20
	android:screenOrientation
		ADDED from src\main\AndroidManifest.xml:145:13-49
	android:label
		ADDED from src\main\AndroidManifest.xml:144:13-45
	android:launchMode
		ADDED from src\main\AndroidManifest.xml:146:13-44
	android:name
		ADDED from src\main\AndroidManifest.xml:143:11-53
activity#com.app.yuqing.activity.ChangePhoneNumberActivity
ADDED from src\main\AndroidManifest.xml:149:9-154:20
	android:screenOrientation
		ADDED from src\main\AndroidManifest.xml:152:13-49
	android:label
		ADDED from src\main\AndroidManifest.xml:151:13-45
	android:launchMode
		ADDED from src\main\AndroidManifest.xml:153:13-44
	android:name
		ADDED from src\main\AndroidManifest.xml:150:11-61
activity#com.app.yuqing.activity.UrlWebClientActivity
ADDED from src\main\AndroidManifest.xml:156:9-161:20
	android:screenOrientation
		ADDED from src\main\AndroidManifest.xml:159:13-49
	android:label
		ADDED from src\main\AndroidManifest.xml:158:13-45
	android:launchMode
		ADDED from src\main\AndroidManifest.xml:160:13-44
	android:name
		ADDED from src\main\AndroidManifest.xml:157:11-56
activity#com.app.yuqing.activity.UserDetailActivity
ADDED from src\main\AndroidManifest.xml:163:9-168:20
	android:screenOrientation
		ADDED from src\main\AndroidManifest.xml:166:13-49
	android:label
		ADDED from src\main\AndroidManifest.xml:165:13-45
	android:launchMode
		ADDED from src\main\AndroidManifest.xml:167:13-44
	android:name
		ADDED from src\main\AndroidManifest.xml:164:11-54
activity#com.app.yuqing.activity.CreateGroupActivity
ADDED from src\main\AndroidManifest.xml:170:9-174:20
	android:screenOrientation
		ADDED from src\main\AndroidManifest.xml:173:13-49
	android:label
		ADDED from src\main\AndroidManifest.xml:172:13-45
	android:name
		ADDED from src\main\AndroidManifest.xml:171:11-55
activity#com.app.yuqing.activity.GropListActivity
ADDED from src\main\AndroidManifest.xml:176:9-181:20
	android:screenOrientation
		ADDED from src\main\AndroidManifest.xml:179:13-49
	android:label
		ADDED from src\main\AndroidManifest.xml:178:13-45
	android:launchMode
		ADDED from src\main\AndroidManifest.xml:180:13-44
	android:name
		ADDED from src\main\AndroidManifest.xml:177:11-52
activity#com.app.yuqing.activity.GroupDetailActivity
ADDED from src\main\AndroidManifest.xml:183:9-188:20
	android:screenOrientation
		ADDED from src\main\AndroidManifest.xml:186:13-49
	android:label
		ADDED from src\main\AndroidManifest.xml:185:13-45
	android:launchMode
		ADDED from src\main\AndroidManifest.xml:187:13-44
	android:name
		ADDED from src\main\AndroidManifest.xml:184:11-55
activity#com.app.yuqing.activity.ChatActivity
ADDED from src\main\AndroidManifest.xml:190:9-205:20
	android:screenOrientation
		ADDED from src\main\AndroidManifest.xml:192:13-49
	android:windowSoftInputMode
		ADDED from src\main\AndroidManifest.xml:193:8-62
	android:name
		ADDED from src\main\AndroidManifest.xml:191:11-48
meta-data#RONG_CLOUD_APP_KEY
ADDED from src\main\AndroidManifest.xml:208:9-210:45
	android:value
		ADDED from src\main\AndroidManifest.xml:210:13-42
	android:name
		ADDED from src\main\AndroidManifest.xml:209:13-46
meta-data#RONG_CLOUD_APP_SECRET
ADDED from src\main\AndroidManifest.xml:211:9-213:43
	android:value
		ADDED from src\main\AndroidManifest.xml:213:13-40
	android:name
		ADDED from src\main\AndroidManifest.xml:212:13-49
service#io.rong.imlib.ipc.RongService
ADDED from src\main\AndroidManifest.xml:215:9-218:38
	android:process
		ADDED from src\main\AndroidManifest.xml:218:13-35
	android:exported
		ADDED from src\main\AndroidManifest.xml:217:13-36
	android:name
		ADDED from src\main\AndroidManifest.xml:216:13-57
service#io.rong.imlib.ReConnectService
ADDED from src\main\AndroidManifest.xml:220:9-221:38
	android:exported
		ADDED from src\main\AndroidManifest.xml:221:13-36
	android:name
		ADDED from src\main\AndroidManifest.xml:220:18-63
receiver#io.rong.imlib.ConnectChangeReceiver
ADDED from src\main\AndroidManifest.xml:223:9-224:38
	android:exported
		ADDED from src\main\AndroidManifest.xml:224:13-36
	android:name
		ADDED from src\main\AndroidManifest.xml:223:19-69
receiver#io.rong.imlib.HeartbeatReceiver
ADDED from src\main\AndroidManifest.xml:226:9-228:38
	android:process
		ADDED from src\main\AndroidManifest.xml:228:13-35
	android:name
		ADDED from src\main\AndroidManifest.xml:227:13-59
service#io.rong.push.core.PushRegistrationService
ADDED from src\main\AndroidManifest.xml:234:9-237:19
	android:exported
		ADDED from src\main\AndroidManifest.xml:236:13-37
	android:name
		ADDED from src\main\AndroidManifest.xml:235:13-69
service#io.rong.push.core.MessageHandleService
ADDED from src\main\AndroidManifest.xml:240:9-243:19
	android:exported
		ADDED from src\main\AndroidManifest.xml:242:13-36
	android:name
		ADDED from src\main\AndroidManifest.xml:241:13-66
service#io.rong.push.PushService
ADDED from src\main\AndroidManifest.xml:246:9-250:19
	android:process
		ADDED from src\main\AndroidManifest.xml:249:13-43
	android:exported
		ADDED from src\main\AndroidManifest.xml:248:13-36
	android:name
		ADDED from src\main\AndroidManifest.xml:247:13-52
receiver#io.rong.push.PushReceiver
ADDED from src\main\AndroidManifest.xml:253:9-273:20
	android:process
		ADDED from src\main\AndroidManifest.xml:255:13-43
	android:name
		ADDED from src\main\AndroidManifest.xml:254:13-53
intent-filter#io.rong.push.intent.action.HEART_BEAT
ADDED from src\main\AndroidManifest.xml:257:13-259:29
action#io.rong.push.intent.action.HEART_BEAT
ADDED from src\main\AndroidManifest.xml:258:17-80
	android:name
		ADDED from src\main\AndroidManifest.xml:258:25-77
intent-filter#android.net.conn.CONNECTIVITY_CHANGE
ADDED from src\main\AndroidManifest.xml:261:13-263:29
action#android.net.conn.CONNECTIVITY_CHANGE
ADDED from src\main\AndroidManifest.xml:262:17-79
	android:name
		ADDED from src\main\AndroidManifest.xml:262:25-76
intent-filter#android.intent.action.BOOT_COMPLETED
ADDED from src\main\AndroidManifest.xml:265:13-267:29
action#android.intent.action.BOOT_COMPLETED
ADDED from src\main\AndroidManifest.xml:266:17-79
	android:name
		ADDED from src\main\AndroidManifest.xml:266:25-76
intent-filter#android.intent.action.ACTION_POWER_CONNECTED+android.intent.action.ACTION_POWER_DISCONNECTED+android.intent.action.USER_PRESENT
ADDED from src\main\AndroidManifest.xml:268:13-272:29
action#android.intent.action.USER_PRESENT
ADDED from src\main\AndroidManifest.xml:269:17-77
	android:name
		ADDED from src\main\AndroidManifest.xml:269:25-74
action#android.intent.action.ACTION_POWER_CONNECTED
ADDED from src\main\AndroidManifest.xml:270:17-87
	android:name
		ADDED from src\main\AndroidManifest.xml:270:25-84
action#android.intent.action.ACTION_POWER_DISCONNECTED
ADDED from src\main\AndroidManifest.xml:271:17-90
	android:name
		ADDED from src\main\AndroidManifest.xml:271:25-87
receiver#io.rong.push.platform.HMSReceiver
ADDED from src\main\AndroidManifest.xml:276:9-287:20
	android:name
		ADDED from src\main\AndroidManifest.xml:276:19-67
intent-filter#com.huawei.android.push.intent.CLICK+com.huawei.android.push.intent.RECEIVE+com.huawei.android.push.intent.REGISTRATION+com.huawei.intent.action.PUSH_STATE
ADDED from src\main\AndroidManifest.xml:277:13-286:29
action#com.huawei.android.push.intent.REGISTRATION
ADDED from src\main\AndroidManifest.xml:279:17-86
	android:name
		ADDED from src\main\AndroidManifest.xml:279:25-83
action#com.huawei.android.push.intent.RECEIVE
ADDED from src\main\AndroidManifest.xml:281:17-81
	android:name
		ADDED from src\main\AndroidManifest.xml:281:25-78
action#com.huawei.android.push.intent.CLICK
ADDED from src\main\AndroidManifest.xml:283:17-79
	android:name
		ADDED from src\main\AndroidManifest.xml:283:25-76
action#com.huawei.intent.action.PUSH_STATE
ADDED from src\main\AndroidManifest.xml:285:17-78
	android:name
		ADDED from src\main\AndroidManifest.xml:285:25-75
activity#io.rong.imkit.plugin.location.AMapLocationActivity
ADDED from src\main\AndroidManifest.xml:294:9-87
	android:name
		ADDED from src\main\AndroidManifest.xml:294:19-84
activity#io.rong.imkit.plugin.location.AMapPreviewActivity
ADDED from src\main\AndroidManifest.xml:296:9-86
	android:name
		ADDED from src\main\AndroidManifest.xml:296:19-83
activity#io.rong.imkit.plugin.location.AMapRealTimeActivity
ADDED from src\main\AndroidManifest.xml:298:9-87
	android:name
		ADDED from src\main\AndroidManifest.xml:298:19-84
activity#io.rong.imkit.plugin.image.PictureSelectorActivity
ADDED from src\main\AndroidManifest.xml:300:9-302:52
	android:screenOrientation
		ADDED from src\main\AndroidManifest.xml:302:13-49
	android:name
		ADDED from src\main\AndroidManifest.xml:301:13-78
activity#io.rong.imkit.plugin.image.PicturePreviewActivity
ADDED from src\main\AndroidManifest.xml:304:9-306:52
	android:screenOrientation
		ADDED from src\main\AndroidManifest.xml:306:13-49
	android:name
		ADDED from src\main\AndroidManifest.xml:305:13-77
activity#io.rong.imkit.tools.RongWebviewActivity
ADDED from src\main\AndroidManifest.xml:309:9-316:20
	android:screenOrientation
		ADDED from src\main\AndroidManifest.xml:311:13-49
	android:name
		ADDED from src\main\AndroidManifest.xml:310:13-67
intent-filter#android.intent.category.DEFAULT+io.rong.imkit.intent.action.webview
ADDED from src\main\AndroidManifest.xml:312:13-315:29
action#io.rong.imkit.intent.action.webview
ADDED from src\main\AndroidManifest.xml:313:17-78
	android:name
		ADDED from src\main\AndroidManifest.xml:313:25-75
activity#io.rong.imkit.widget.provider.TakingPicturesActivity
ADDED from src\main\AndroidManifest.xml:318:9-321:52
	android:screenOrientation
		ADDED from src\main\AndroidManifest.xml:321:13-49
	android:configChanges
		ADDED from src\main\AndroidManifest.xml:320:13-63
	android:name
		ADDED from src\main\AndroidManifest.xml:319:13-80
activity#io.rong.imkit.activity.PicturePagerActivity
ADDED from src\main\AndroidManifest.xml:323:9-330:20
	android:theme
		ADDED from src\main\AndroidManifest.xml:325:13-71
	android:name
		ADDED from src\main\AndroidManifest.xml:324:13-71
intent-filter#android.intent.category.DEFAULT+io.rong.imkit.intent.action.picturepagerview
ADDED from src\main\AndroidManifest.xml:326:13-329:29
action#io.rong.imkit.intent.action.picturepagerview
ADDED from src\main\AndroidManifest.xml:327:17-87
	android:name
		ADDED from src\main\AndroidManifest.xml:327:25-84
activity#io.rong.imkit.mention.MemberMentionedActivity
ADDED from src\main\AndroidManifest.xml:332:9-335:67
	android:windowSoftInputMode
		ADDED from src\main\AndroidManifest.xml:335:13-64
	android:configChanges
		ADDED from src\main\AndroidManifest.xml:334:13-63
	android:name
		ADDED from src\main\AndroidManifest.xml:333:13-73
activity#io.rong.imkit.activity.FileManagerActivity
ADDED from src\main\AndroidManifest.xml:336:9-79
	android:name
		ADDED from src\main\AndroidManifest.xml:336:19-76
activity#io.rong.imkit.activity.FileListActivity
ADDED from src\main\AndroidManifest.xml:337:9-76
	android:name
		ADDED from src\main\AndroidManifest.xml:337:19-73
activity#io.rong.imkit.activity.FilePreviewActivity
ADDED from src\main\AndroidManifest.xml:338:9-343:20
	android:name
		ADDED from src\main\AndroidManifest.xml:338:19-76
intent-filter#android.intent.category.DEFAULT+io.rong.imkit.intent.action.openfile
ADDED from src\main\AndroidManifest.xml:339:9-342:25
action#io.rong.imkit.intent.action.openfile
ADDED from src\main\AndroidManifest.xml:340:13-75
	android:name
		ADDED from src\main\AndroidManifest.xml:340:21-72
activity#io.rong.imkit.activity.CSLeaveMessageActivity
ADDED from src\main\AndroidManifest.xml:345:9-348:51
	android:screenOrientation
		ADDED from src\main\AndroidManifest.xml:348:13-49
	android:configChanges
		ADDED from src\main\AndroidManifest.xml:347:13-63
	android:name
		ADDED from src\main\AndroidManifest.xml:346:13-73
provider#android.support.v4.content.FileProvider
ADDED from src\main\AndroidManifest.xml:351:3-359:14
	android:authorities
		ADDED from src\main\AndroidManifest.xml:353:7-56
	android:grantUriPermissions
		ADDED from src\main\AndroidManifest.xml:355:7-41
	android:exported
		ADDED from src\main\AndroidManifest.xml:354:7-31
	android:name
		ADDED from src\main\AndroidManifest.xml:352:7-61
meta-data#android.support.FILE_PROVIDER_PATHS
ADDED from src\main\AndroidManifest.xml:356:7-358:50
	android:resource
		ADDED from src\main\AndroidManifest.xml:358:11-47
	android:name
		ADDED from src\main\AndroidManifest.xml:357:11-61
meta-data#PUSH_APPID
ADDED from src\main\AndroidManifest.xml:363:9-365:47
	android:value
		ADDED from src\main\AndroidManifest.xml:365:13-44
		INJECTED from src\main\AndroidManifest.xml
	android:name
		ADDED from src\main\AndroidManifest.xml:364:13-38
meta-data#PUSH_APPKEY
ADDED from src\main\AndroidManifest.xml:366:9-368:48
	android:value
		ADDED from src\main\AndroidManifest.xml:368:13-45
		INJECTED from src\main\AndroidManifest.xml
	android:name
		ADDED from src\main\AndroidManifest.xml:367:13-39
meta-data#PUSH_APPSECRET
ADDED from src\main\AndroidManifest.xml:369:9-371:51
	android:value
		ADDED from src\main\AndroidManifest.xml:371:13-48
		INJECTED from src\main\AndroidManifest.xml
	android:name
		ADDED from src\main\AndroidManifest.xml:370:13-42
service#com.igexin.sdk.PushService
ADDED from src\main\AndroidManifest.xml:374:9-382:19
	android:process
		ADDED from src\main\AndroidManifest.xml:378:13-43
	android:label
		ADDED from src\main\AndroidManifest.xml:377:13-47
	android:exported
		ADDED from src\main\AndroidManifest.xml:376:13-36
	android:name
		ADDED from src\main\AndroidManifest.xml:375:13-54
intent-filter#com.igexin.sdk.action.service.message
ADDED from src\main\AndroidManifest.xml:379:13-381:29
action#com.igexin.sdk.action.service.message
ADDED from src\main\AndroidManifest.xml:380:17-79
	android:name
		ADDED from src\main\AndroidManifest.xml:380:25-77
receiver#com.igexin.sdk.PushReceiver
ADDED from src\main\AndroidManifest.xml:384:9-395:20
	android:name
		ADDED from src\main\AndroidManifest.xml:384:19-61
intent-filter#android.intent.action.ACTION_POWER_CONNECTED+android.intent.action.ACTION_POWER_DISCONNECTED+android.intent.action.BOOT_COMPLETED+android.intent.action.MEDIA_MOUNTED+android.intent.action.USER_PRESENT+android.net.conn.CONNECTIVITY_CHANGE+com.igexin.sdk.action.refreshls
ADDED from src\main\AndroidManifest.xml:385:13-394:29
action#com.igexin.sdk.action.refreshls
ADDED from src\main\AndroidManifest.xml:389:17-74
	android:name
		ADDED from src\main\AndroidManifest.xml:389:25-71
action#android.intent.action.MEDIA_MOUNTED
ADDED from src\main\AndroidManifest.xml:391:17-78
	android:name
		ADDED from src\main\AndroidManifest.xml:391:25-75
activity#com.igexin.sdk.PushActivity
ADDED from src\main\AndroidManifest.xml:397:9-404:20
	android:process
		ADDED from src\main\AndroidManifest.xml:401:13-43
	android:excludeFromRecents
		ADDED from src\main\AndroidManifest.xml:399:13-46
	android:exported
		ADDED from src\main\AndroidManifest.xml:400:13-37
	android:theme
		ADDED from src\main\AndroidManifest.xml:403:13-72
	android:taskAffinity
		ADDED from src\main\AndroidManifest.xml:402:13-67
	android:name
		ADDED from src\main\AndroidManifest.xml:398:13-55
activity#com.igexin.sdk.GActivity
ADDED from src\main\AndroidManifest.xml:406:9-412:74
	android:process
		ADDED from src\main\AndroidManifest.xml:410:13-43
	android:excludeFromRecents
		ADDED from src\main\AndroidManifest.xml:408:13-46
	android:exported
		ADDED from src\main\AndroidManifest.xml:409:13-36
	android:theme
		ADDED from src\main\AndroidManifest.xml:412:13-72
	android:taskAffinity
		ADDED from src\main\AndroidManifest.xml:411:13-67
	android:name
		ADDED from src\main\AndroidManifest.xml:407:13-52
service#com.app.yuqing.service.YuQingPushService
ADDED from src\main\AndroidManifest.xml:414:9-419:19
	android:process
		ADDED from src\main\AndroidManifest.xml:418:13-43
	android:label
		ADDED from src\main\AndroidManifest.xml:417:13-40
	android:exported
		ADDED from src\main\AndroidManifest.xml:416:13-36
	android:name
		ADDED from src\main\AndroidManifest.xml:415:13-68
service#com.app.yuqing.service.YuQingIntentService
ADDED from src\main\AndroidManifest.xml:421:9-423:19
	android:name
		ADDED from src\main\AndroidManifest.xml:422:13-70
meta-data#com.amap.api.v2.apikey
ADDED from src\main\AndroidManifest.xml:428:9-430:64
	android:value
		ADDED from src\main\AndroidManifest.xml:430:13-61
	android:name
		ADDED from src\main\AndroidManifest.xml:429:13-50
receiver#com.app.yuqing.service.UpdataBroadcastReceiver
ADDED from src\main\AndroidManifest.xml:436:9-441:20
	android:name
		ADDED from src\main\AndroidManifest.xml:436:19-66
intent-filter#android.intent.action.DOWNLOAD_COMPLETE
ADDED from src\main\AndroidManifest.xml:437:13-440:29
action#android.intent.action.DOWNLOAD_COMPLETE
ADDED from src\main\AndroidManifest.xml:438:17-82